<?xml version="1.0" encoding="UTF-8"?>
<testsuite xmlns:xsi="http://www.w3.org/2001/XMLSchema-instance" xsi:noNamespaceSchemaLocation="https://maven.apache.org/surefire/maven-surefire-plugin/xsd/surefire-test-report.xsd" name="TestSuite" time="125.451" tests="33" errors="0" skipped="0" failures="1">
  <properties>
    <property name="sun.desktop" value="windows"/>
    <property name="awt.toolkit" value="sun.awt.windows.WToolkit"/>
    <property name="java.specification.version" value="11"/>
    <property name="sun.cpu.isalist" value="amd64"/>
    <property name="sun.jnu.encoding" value="Cp1252"/>
    <property name="java.class.path" value="C:\Users\davisda4\workspace\meshrdf\meshrdf\selenium\target\test-classes;C:\Users\davisda4\workspace\meshrdf\meshrdf\selenium\target\classes;C:\Users\davisda4\.m2\repository\gov\nih\nlm\occs\nlm-test-framework\2.1.4.1-SNAPSHOT\nlm-test-framework-2.1.4.1-SNAPSHOT.jar;C:\Users\davisda4\.m2\repository\org\testng\testng\6.9.10\testng-6.9.10.jar;C:\Users\davisda4\.m2\repository\org\beanshell\bsh\2.0b4\bsh-2.0b4.jar;C:\Users\davisda4\.m2\repository\com\beust\jcommander\1.48\jcommander-1.48.jar;C:\Users\davisda4\.m2\repository\org\seleniumhq\selenium\selenium-java\3.14.0\selenium-java-3.14.0.jar;C:\Users\davisda4\.m2\repository\org\seleniumhq\selenium\selenium-api\3.14.0\selenium-api-3.14.0.jar;C:\Users\davisda4\.m2\repository\org\seleniumhq\selenium\selenium-chrome-driver\3.14.0\selenium-chrome-driver-3.14.0.jar;C:\Users\davisda4\.m2\repository\org\seleniumhq\selenium\selenium-edge-driver\3.14.0\selenium-edge-driver-3.14.0.jar;C:\Users\davisda4\.m2\repository\org\seleniumhq\selenium\selenium-firefox-driver\3.14.0\selenium-firefox-driver-3.14.0.jar;C:\Users\davisda4\.m2\repository\org\seleniumhq\selenium\selenium-ie-driver\3.14.0\selenium-ie-driver-3.14.0.jar;C:\Users\davisda4\.m2\repository\org\seleniumhq\selenium\selenium-opera-driver\3.14.0\selenium-opera-driver-3.14.0.jar;C:\Users\davisda4\.m2\repository\org\seleniumhq\selenium\selenium-remote-driver\3.14.0\selenium-remote-driver-3.14.0.jar;C:\Users\davisda4\.m2\repository\org\seleniumhq\selenium\selenium-safari-driver\3.14.0\selenium-safari-driver-3.14.0.jar;C:\Users\davisda4\.m2\repository\org\seleniumhq\selenium\selenium-support\3.14.0\selenium-support-3.14.0.jar;C:\Users\davisda4\.m2\repository\net\bytebuddy\byte-buddy\1.8.15\byte-buddy-1.8.15.jar;C:\Users\davisda4\.m2\repository\org\apache\commons\commons-exec\1.3\commons-exec-1.3.jar;C:\Users\davisda4\.m2\repository\commons-codec\commons-codec\1.10\commons-codec-1.10.jar;C:\Users\davisda4\.m2\repository\commons-logging\commons-logging\1.2\commons-logging-1.2.jar;C:\Users\davisda4\.m2\repository\com\google\guava\guava\25.0-jre\guava-25.0-jre.jar;C:\Users\davisda4\.m2\repository\com\google\code\findbugs\jsr305\1.3.9\jsr305-1.3.9.jar;C:\Users\davisda4\.m2\repository\org\checkerframework\checker-compat-qual\2.0.0\checker-compat-qual-2.0.0.jar;C:\Users\davisda4\.m2\repository\com\google\errorprone\error_prone_annotations\2.1.3\error_prone_annotations-2.1.3.jar;C:\Users\davisda4\.m2\repository\com\google\j2objc\j2objc-annotations\1.1\j2objc-annotations-1.1.jar;C:\Users\davisda4\.m2\repository\org\codehaus\mojo\animal-sniffer-annotations\1.14\animal-sniffer-annotations-1.14.jar;C:\Users\davisda4\.m2\repository\org\apache\httpcomponents\httpclient\4.5.5\httpclient-4.5.5.jar;C:\Users\davisda4\.m2\repository\org\apache\httpcomponents\httpcore\4.4.9\httpcore-4.4.9.jar;C:\Users\davisda4\.m2\repository\com\squareup\okhttp3\okhttp\3.10.0\okhttp-3.10.0.jar;C:\Users\davisda4\.m2\repository\com\squareup\okio\okio\1.14.1\okio-1.14.1.jar;C:\Users\davisda4\.m2\repository\org\seleniumhq\selenium\htmlunit-driver\2.33.0\htmlunit-driver-2.33.0.jar;C:\Users\davisda4\.m2\repository\net\sourceforge\htmlunit\htmlunit\2.33\htmlunit-2.33.jar;C:\Users\davisda4\.m2\repository\xalan\xalan\2.7.2\xalan-2.7.2.jar;C:\Users\davisda4\.m2\repository\xalan\serializer\2.7.2\serializer-2.7.2.jar;C:\Users\davisda4\.m2\repository\org\apache\commons\commons-lang3\3.8\commons-lang3-3.8.jar;C:\Users\davisda4\.m2\repository\org\apache\commons\commons-text\1.4\commons-text-1.4.jar;C:\Users\davisda4\.m2\repository\org\apache\httpcomponents\httpmime\4.5.6\httpmime-4.5.6.jar;C:\Users\davisda4\.m2\repository\net\sourceforge\htmlunit\htmlunit-core-js\2.33\htmlunit-core-js-2.33.jar;C:\Users\davisda4\.m2\repository\net\sourceforge\htmlunit\neko-htmlunit\2.33\neko-htmlunit-2.33.jar;C:\Users\davisda4\.m2\repository\xerces\xercesImpl\2.12.0\xercesImpl-2.12.0.jar;C:\Users\davisda4\.m2\repository\xml-apis\xml-apis\1.4.01\xml-apis-1.4.01.jar;C:\Users\davisda4\.m2\repository\net\sourceforge\htmlunit\htmlunit-cssparser\1.2.0\htmlunit-cssparser-1.2.0.jar;C:\Users\davisda4\.m2\repository\commons-io\commons-io\2.6\commons-io-2.6.jar;C:\Users\davisda4\.m2\repository\commons-net\commons-net\3.6\commons-net-3.6.jar;C:\Users\davisda4\.m2\repository\org\eclipse\jetty\websocket\websocket-client\9.4.12.v20180830\websocket-client-9.4.12.v20180830.jar;C:\Users\davisda4\.m2\repository\org\eclipse\jetty\jetty-client\9.4.12.v20180830\jetty-client-9.4.12.v20180830.jar;C:\Users\davisda4\.m2\repository\org\eclipse\jetty\jetty-http\9.4.12.v20180830\jetty-http-9.4.12.v20180830.jar;C:\Users\davisda4\.m2\repository\org\eclipse\jetty\jetty-xml\9.4.12.v20180830\jetty-xml-9.4.12.v20180830.jar;C:\Users\davisda4\.m2\repository\org\eclipse\jetty\jetty-util\9.4.12.v20180830\jetty-util-9.4.12.v20180830.jar;C:\Users\davisda4\.m2\repository\org\eclipse\jetty\jetty-io\9.4.12.v20180830\jetty-io-9.4.12.v20180830.jar;C:\Users\davisda4\.m2\repository\org\eclipse\jetty\websocket\websocket-common\9.4.12.v20180830\websocket-common-9.4.12.v20180830.jar;C:\Users\davisda4\.m2\repository\org\eclipse\jetty\websocket\websocket-api\9.4.12.v20180830\websocket-api-9.4.12.v20180830.jar;C:\Users\davisda4\.m2\repository\com\codeborne\phantomjsdriver\1.4.4\phantomjsdriver-1.4.4.jar;C:\Users\davisda4\.m2\repository\org\hamcrest\hamcrest-core\1.3\hamcrest-core-1.3.jar;C:\Users\davisda4\.m2\repository\com\fasterxml\jackson\core\jackson-databind\2.7.5\jackson-databind-2.7.5.jar;C:\Users\davisda4\.m2\repository\com\fasterxml\jackson\core\jackson-annotations\2.7.0\jackson-annotations-2.7.0.jar;C:\Users\davisda4\.m2\repository\com\fasterxml\jackson\core\jackson-core\2.7.5\jackson-core-2.7.5.jar;C:\Users\davisda4\.m2\repository\org\slf4j\slf4j-api\1.7.21\slf4j-api-1.7.21.jar;C:\Users\davisda4\.m2\repository\org\hamcrest\hamcrest-all\1.3\hamcrest-all-1.3.jar;"/>
    <property name="java.vm.vendor" value="Azul Systems, Inc."/>
    <property name="sun.arch.data.model" value="64"/>
    <property name="user.variant" value=""/>
    <property name="java.vendor.url" value="http://www.azulsystems.com/"/>
    <property name="user.timezone" value="America/New_York"/>
    <property name="java.vm.specification.version" value="11"/>
    <property name="os.name" value="Windows 10"/>
    <property name="sun.java.launcher" value="SUN_STANDARD"/>
    <property name="user.country" value="US"/>
    <property name="sun.boot.library.path" value="C:\Tools\Java\11\bin"/>
    <property name="sun.java.command" value="C:\Users\davisda4\AppData\Local\Temp\surefire17768798997384405545\surefirebooter18287861365981447824.jar C:\Users\davisda4\AppData\Local\Temp\surefire17768798997384405545 2019-03-19T15-36-43_100-jvmRun1 surefire17784592487764453962tmp surefire_011137895102780114865tmp"/>
    <property name="jdk.debug" value="release"/>
    <property name="surefire.test.class.path" value="C:\Users\davisda4\workspace\meshrdf\meshrdf\selenium\target\test-classes;C:\Users\davisda4\workspace\meshrdf\meshrdf\selenium\target\classes;C:\Users\davisda4\.m2\repository\gov\nih\nlm\occs\nlm-test-framework\2.1.4.1-SNAPSHOT\nlm-test-framework-2.1.4.1-SNAPSHOT.jar;C:\Users\davisda4\.m2\repository\org\testng\testng\6.9.10\testng-6.9.10.jar;C:\Users\davisda4\.m2\repository\org\beanshell\bsh\2.0b4\bsh-2.0b4.jar;C:\Users\davisda4\.m2\repository\com\beust\jcommander\1.48\jcommander-1.48.jar;C:\Users\davisda4\.m2\repository\org\seleniumhq\selenium\selenium-java\3.14.0\selenium-java-3.14.0.jar;C:\Users\davisda4\.m2\repository\org\seleniumhq\selenium\selenium-api\3.14.0\selenium-api-3.14.0.jar;C:\Users\davisda4\.m2\repository\org\seleniumhq\selenium\selenium-chrome-driver\3.14.0\selenium-chrome-driver-3.14.0.jar;C:\Users\davisda4\.m2\repository\org\seleniumhq\selenium\selenium-edge-driver\3.14.0\selenium-edge-driver-3.14.0.jar;C:\Users\davisda4\.m2\repository\org\seleniumhq\selenium\selenium-firefox-driver\3.14.0\selenium-firefox-driver-3.14.0.jar;C:\Users\davisda4\.m2\repository\org\seleniumhq\selenium\selenium-ie-driver\3.14.0\selenium-ie-driver-3.14.0.jar;C:\Users\davisda4\.m2\repository\org\seleniumhq\selenium\selenium-opera-driver\3.14.0\selenium-opera-driver-3.14.0.jar;C:\Users\davisda4\.m2\repository\org\seleniumhq\selenium\selenium-remote-driver\3.14.0\selenium-remote-driver-3.14.0.jar;C:\Users\davisda4\.m2\repository\org\seleniumhq\selenium\selenium-safari-driver\3.14.0\selenium-safari-driver-3.14.0.jar;C:\Users\davisda4\.m2\repository\org\seleniumhq\selenium\selenium-support\3.14.0\selenium-support-3.14.0.jar;C:\Users\davisda4\.m2\repository\net\bytebuddy\byte-buddy\1.8.15\byte-buddy-1.8.15.jar;C:\Users\davisda4\.m2\repository\org\apache\commons\commons-exec\1.3\commons-exec-1.3.jar;C:\Users\davisda4\.m2\repository\commons-codec\commons-codec\1.10\commons-codec-1.10.jar;C:\Users\davisda4\.m2\repository\commons-logging\commons-logging\1.2\commons-logging-1.2.jar;C:\Users\davisda4\.m2\repository\com\google\guava\guava\25.0-jre\guava-25.0-jre.jar;C:\Users\davisda4\.m2\repository\com\google\code\findbugs\jsr305\1.3.9\jsr305-1.3.9.jar;C:\Users\davisda4\.m2\repository\org\checkerframework\checker-compat-qual\2.0.0\checker-compat-qual-2.0.0.jar;C:\Users\davisda4\.m2\repository\com\google\errorprone\error_prone_annotations\2.1.3\error_prone_annotations-2.1.3.jar;C:\Users\davisda4\.m2\repository\com\google\j2objc\j2objc-annotations\1.1\j2objc-annotations-1.1.jar;C:\Users\davisda4\.m2\repository\org\codehaus\mojo\animal-sniffer-annotations\1.14\animal-sniffer-annotations-1.14.jar;C:\Users\davisda4\.m2\repository\org\apache\httpcomponents\httpclient\4.5.5\httpclient-4.5.5.jar;C:\Users\davisda4\.m2\repository\org\apache\httpcomponents\httpcore\4.4.9\httpcore-4.4.9.jar;C:\Users\davisda4\.m2\repository\com\squareup\okhttp3\okhttp\3.10.0\okhttp-3.10.0.jar;C:\Users\davisda4\.m2\repository\com\squareup\okio\okio\1.14.1\okio-1.14.1.jar;C:\Users\davisda4\.m2\repository\org\seleniumhq\selenium\htmlunit-driver\2.33.0\htmlunit-driver-2.33.0.jar;C:\Users\davisda4\.m2\repository\net\sourceforge\htmlunit\htmlunit\2.33\htmlunit-2.33.jar;C:\Users\davisda4\.m2\repository\xalan\xalan\2.7.2\xalan-2.7.2.jar;C:\Users\davisda4\.m2\repository\xalan\serializer\2.7.2\serializer-2.7.2.jar;C:\Users\davisda4\.m2\repository\org\apache\commons\commons-lang3\3.8\commons-lang3-3.8.jar;C:\Users\davisda4\.m2\repository\org\apache\commons\commons-text\1.4\commons-text-1.4.jar;C:\Users\davisda4\.m2\repository\org\apache\httpcomponents\httpmime\4.5.6\httpmime-4.5.6.jar;C:\Users\davisda4\.m2\repository\net\sourceforge\htmlunit\htmlunit-core-js\2.33\htmlunit-core-js-2.33.jar;C:\Users\davisda4\.m2\repository\net\sourceforge\htmlunit\neko-htmlunit\2.33\neko-htmlunit-2.33.jar;C:\Users\davisda4\.m2\repository\xerces\xercesImpl\2.12.0\xercesImpl-2.12.0.jar;C:\Users\davisda4\.m2\repository\xml-apis\xml-apis\1.4.01\xml-apis-1.4.01.jar;C:\Users\davisda4\.m2\repository\net\sourceforge\htmlunit\htmlunit-cssparser\1.2.0\htmlunit-cssparser-1.2.0.jar;C:\Users\davisda4\.m2\repository\commons-io\commons-io\2.6\commons-io-2.6.jar;C:\Users\davisda4\.m2\repository\commons-net\commons-net\3.6\commons-net-3.6.jar;C:\Users\davisda4\.m2\repository\org\eclipse\jetty\websocket\websocket-client\9.4.12.v20180830\websocket-client-9.4.12.v20180830.jar;C:\Users\davisda4\.m2\repository\org\eclipse\jetty\jetty-client\9.4.12.v20180830\jetty-client-9.4.12.v20180830.jar;C:\Users\davisda4\.m2\repository\org\eclipse\jetty\jetty-http\9.4.12.v20180830\jetty-http-9.4.12.v20180830.jar;C:\Users\davisda4\.m2\repository\org\eclipse\jetty\jetty-xml\9.4.12.v20180830\jetty-xml-9.4.12.v20180830.jar;C:\Users\davisda4\.m2\repository\org\eclipse\jetty\jetty-util\9.4.12.v20180830\jetty-util-9.4.12.v20180830.jar;C:\Users\davisda4\.m2\repository\org\eclipse\jetty\jetty-io\9.4.12.v20180830\jetty-io-9.4.12.v20180830.jar;C:\Users\davisda4\.m2\repository\org\eclipse\jetty\websocket\websocket-common\9.4.12.v20180830\websocket-common-9.4.12.v20180830.jar;C:\Users\davisda4\.m2\repository\org\eclipse\jetty\websocket\websocket-api\9.4.12.v20180830\websocket-api-9.4.12.v20180830.jar;C:\Users\davisda4\.m2\repository\com\codeborne\phantomjsdriver\1.4.4\phantomjsdriver-1.4.4.jar;C:\Users\davisda4\.m2\repository\org\hamcrest\hamcrest-core\1.3\hamcrest-core-1.3.jar;C:\Users\davisda4\.m2\repository\com\fasterxml\jackson\core\jackson-databind\2.7.5\jackson-databind-2.7.5.jar;C:\Users\davisda4\.m2\repository\com\fasterxml\jackson\core\jackson-annotations\2.7.0\jackson-annotations-2.7.0.jar;C:\Users\davisda4\.m2\repository\com\fasterxml\jackson\core\jackson-core\2.7.5\jackson-core-2.7.5.jar;C:\Users\davisda4\.m2\repository\org\slf4j\slf4j-api\1.7.21\slf4j-api-1.7.21.jar;C:\Users\davisda4\.m2\repository\org\hamcrest\hamcrest-all\1.3\hamcrest-all-1.3.jar;"/>
    <property name="sun.cpu.endian" value="little"/>
    <property name="user.home" value="C:\Users\davisda4"/>
    <property name="user.language" value="en"/>
    <property name="java.specification.vendor" value="Oracle Corporation"/>
    <property name="java.version.date" value="2019-01-15"/>
    <property name="java.home" value="C:\Tools\Java\11"/>
    <property name="file.separator" value="\"/>
    <property name="basedir" value="C:\Users\davisda4\workspace\meshrdf\meshrdf\selenium"/>
    <property name="java.vm.compressedOopsMode" value="Zero based"/>
    <property name="line.separator" value="&#10;"/>
    <property name="java.specification.name" value="Java Platform API Specification"/>
    <property name="java.vm.specification.vendor" value="Oracle Corporation"/>
    <property name="java.awt.graphicsenv" value="sun.awt.Win32GraphicsEnvironment"/>
    <property name="surefire.real.class.path" value="C:\Users\davisda4\AppData\Local\Temp\surefire17768798997384405545\surefirebooter18287861365981447824.jar"/>
    <property name="user.script" value=""/>
    <property name="sun.management.compiler" value="HotSpot 64-Bit Tiered Compilers"/>
    <property name="java.runtime.version" value="11.0.2+7-LTS"/>
    <property name="user.name" value="davisda4"/>
    <property name="path.separator" value=";"/>
    <property name="os.version" value="10.0"/>
    <property name="java.runtime.name" value="OpenJDK Runtime Environment"/>
    <property name="file.encoding" value="Cp1252"/>
    <property name="java.vm.name" value="OpenJDK 64-Bit Server VM"/>
    <property name="java.vendor.version" value="Zulu11.29+3-CA"/>
    <property name="localRepository" value="C:\Users\davisda4\.m2\repository"/>
    <property name="java.vendor.url.bug" value="http://www.azulsystems.com/support/"/>
    <property name="java.io.tmpdir" value="C:\Users\davisda4\AppData\Local\Temp\"/>
    <property name="java.version" value="11.0.2"/>
    <property name="user.dir" value="C:\Users\davisda4\workspace\meshrdf\meshrdf\selenium"/>
    <property name="os.arch" value="amd64"/>
    <property name="java.vm.specification.name" value="Java Virtual Machine Specification"/>
    <property name="java.awt.printerjob" value="sun.awt.windows.WPrinterJob"/>
    <property name="sun.os.patch.level" value=""/>
    <property name="java.library.path" value="C:\Tools\Java\11\bin;C:\WINDOWS\Sun\Java\bin;C:\WINDOWS\system32;C:\WINDOWS;C:\Users\davisda4\PythonEnvs\meshrdf\Scripts;C:\Users\davisda4\bin;C:\Users\davisda4\Tools\cmder\bin;C:\Users\davisda4\Tools\cmder\vendor\git-for-windows\cmd;C:\Users\davisda4\Tools\cmder\vendor\conemu-maximus5\ConEmu\Scripts;C:\Users\davisda4\Tools\cmder\vendor\conemu-maximus5;C:\Users\davisda4\Tools\cmder\vendor\conemu-maximus5\ConEmu;C:\Tools\Java\11\bin\;C:\Program Files (x86)\Common Files\Oracle\Java\javapath;C:\Tools\Python\3.6\;C:\tools\Python\3.6\Scripts\;C:\Program Files\VanDyke Software\Clients\;C:\Windows\system32;C:\Windows;C:\Windows\System32\Wbem;C:\Windows\System32\WindowsPowerShell\v1.0\;C:\Program Files (x86)\HID Global\ActivClient\;C:\Program Files\HID Global\ActivClient\;C:\Users\nlmoccsswdist\AppData\Local\Microsoft\WindowsApps;C:\Users\nlmoccsswdist\AppData\Roaming\npm;C:\WINDOWS\system32;C:\WINDOWS;C:\WINDOWS\System32\Wbem;C:\WINDOWS\System32\WindowsPowerShell\v1.0\;C:\tools\Python\3.5\;C:\tools\Python\3.5\Scripts\;C:\tools\Node\8.11\;C:\tools\Ruby\2.4\bin;C:\Program Files (x86)\WebEx\Productivity Tools;C:\WINDOWS\system32;C:\WINDOWS;C:\WINDOWS\System32\Wbem;C:\WINDOWS\System32\WindowsPowerShell\v1.0\;C:\HashiCorp\Vagrant\bin;C:\Tools\Java\11\bin\;C:\Tools\Java\11\bin;C:\Tools\Java\11\jre\bin;C:\Tools\Python\3.6;C:\Tools\Python\3.6\Scripts;C:\Tools\Perl\5.2\Perl64\bin;C:\Users\davisda4\Tools\apache-ant-1.10.1\bin;C:\Users\davisda4\Tools\apache-maven-3.2.5\bin;C:\Users\davisda4\Tools\SeleniumDrivers;C:\Tools\instantclient_12_1;C:\Users\davisda4\AppData\Roaming\npm;C:\Program Files\Sublime Text 3;C:\Users\davisda4\Tools\xmlsoft\bin;C:\Users\davisda4\Tools\tidy\bin;C:\Users\davisda4\Tools\Vagrant\HashiCorp\Vagrant\bin;C:\Users\davisda4\Tools\apache-jena-3.8.0\bin;C:\Users\davisda4\Tools\bin;C:\Users\davisda4\Tools\cmder\vendor\git-for-windows\cmd;C:\Users\davisda4\Tools\cmder\vendor\git-for-windows\mingw64;C:\Users\davisda4\Tools\cmder\vendor\git-for-windows\usr\bin;C:\Users\davisda4\Tools\cmder;."/>
    <property name="java.vendor" value="Azul Systems, Inc."/>
    <property name="java.vm.info" value="mixed mode"/>
    <property name="java.vm.version" value="11.0.2+7-LTS"/>
    <property name="sun.io.unicode.encoding" value="UnicodeLittle"/>
    <property name="java.class.version" value="55.0"/>
  </properties>
  <testcase name="Firefox" classname="gov.nih.nlm.lode.tests.BasicsTest" time="20.631">
    <failure message="one or more bad links, last bad link https://www.nlm.nih.gov/mesh/" type="java.lang.AssertionError">java.lang.AssertionError: one or more bad links, last bad link https://www.nlm.nih.gov/mesh/
	at gov.nih.nlm.lode.tests.BasicsTest.testExplorerPage(BasicsTest.java:37)
</failure>
    <system-err><![CDATA[SLF4J: Failed to load class "org.slf4j.impl.StaticLoggerBinder".
SLF4J: Defaulting to no-operation (NOP) logger implementation
SLF4J: See http://www.slf4j.org/codes.html#StaticLoggerBinder for further details.
1553024205666	mozrunner::runner	INFO	Running command: "C:\\Program Files (x86)\\Mozilla Firefox\\firefox.exe" "-marionette" "-foreground" "-no-remote" "-profile" "C:\\Users\\davisda4\\AppData\\Local\\Temp\\rust_mozprofile.Uqk76l6RdiYy"
1553024206284	addons.webextension.screenshots@mozilla.org	WARN	Loading extension 'screenshots@mozilla.org': Reading manifest: Invalid host permission: resource://pdf.js/
1553024206284	addons.webextension.screenshots@mozilla.org	WARN	Loading extension 'screenshots@mozilla.org': Reading manifest: Invalid host permission: about:reader*
1553024208299	Marionette	INFO	Listening on port 56995
Mar 19, 2019 3:36:48 PM org.openqa.selenium.remote.ProtocolHandshake createSession
INFO: Detected dialect: W3C
]]></system-err>
  </testcase>
  <testcase name="Firefox" classname="gov.nih.nlm.lode.tests.BasicsTest" time="2.441"/>
  <testcase name="Firefox" classname="gov.nih.nlm.lode.tests.BasicsTest" time="1.193"/>
  <testcase name="Firefox" classname="gov.nih.nlm.lode.tests.BasicsTest" time="0.031"/>
  <testcase name="Firefox" classname="gov.nih.nlm.lode.tests.BasicsTest" time="0.047"/>
  <testcase name="Firefox" classname="gov.nih.nlm.lode.tests.BasicsTest" time="0.032"/>
  <testcase name="Firefox" classname="gov.nih.nlm.lode.tests.BasicsTest" time="0.063"/>
  <testcase name="Firefox" classname="gov.nih.nlm.lode.tests.BasicsTest" time="0.032"/>
  <testcase name="Firefox" classname="gov.nih.nlm.lode.tests.PagelinksTest" time="7.788"/>
  <testcase name="Firefox" classname="gov.nih.nlm.lode.tests.PagelinksTest" time="4.738"/>
  <testcase name="Firefox" classname="gov.nih.nlm.lode.tests.PagelinksTest" time="2.281"/>
  <testcase name="Firefox" classname="gov.nih.nlm.lode.tests.PagelinksTest" time="0.328"/>
  <testcase name="Firefox" classname="gov.nih.nlm.lode.tests.PagelinksTest" time="15.375"/>
  <testcase name="Firefox" classname="gov.nih.nlm.lode.tests.PagelinksTest" time="0.43"/>
  <testcase name="Firefox" classname="gov.nih.nlm.lode.tests.PagelinksTest" time="2.341"/>
  <testcase name="Firefox" classname="gov.nih.nlm.lode.tests.QueryTest" time="4.019"/>
  <testcase name="Firefox" classname="gov.nih.nlm.lode.tests.QueryTest" time="3.166"/>
  <testcase name="Firefox" classname="gov.nih.nlm.lode.tests.QueryTest" time="4.732"/>
  <testcase name="Firefox" classname="gov.nih.nlm.lode.tests.QueryTest" time="2.061"/>
  <testcase name="Firefox" classname="gov.nih.nlm.lode.tests.QueryTest" time="7.725"/>
  <testcase name="Firefox" classname="gov.nih.nlm.lode.tests.QueryTest" time="11.166"/>
  <testcase name="Firefox" classname="gov.nih.nlm.lode.tests.QueryTest" time="3.892"/>
  <testcase name="Firefox" classname="gov.nih.nlm.lode.tests.QueryTest" time="10.288"/>
  <testcase name="(gov.nih.nlm.lode.tests.LinkCheckerTest)" classname="gov.nih.nlm.lode.tests.LinkCheckerTest" time="0.062"/>
  <testcase name="(gov.nih.nlm.lode.tests.LinkCheckerTest)" classname="gov.nih.nlm.lode.tests.LinkCheckerTest" time="0.032"/>
  <testcase name="(gov.nih.nlm.lode.tests.LinkCheckerTest)" classname="gov.nih.nlm.lode.tests.LinkCheckerTest" time="0.015"/>
  <testcase name="(gov.nih.nlm.lode.tests.LinkCheckerTest)" classname="gov.nih.nlm.lode.tests.LinkCheckerTest" time="0.032"/>
  <testcase name="(gov.nih.nlm.lode.tests.LinkCheckerTest)" classname="gov.nih.nlm.lode.tests.LinkCheckerTest" time="0.093"/>
  <testcase name="(gov.nih.nlm.lode.tests.LinkCheckerTest)" classname="gov.nih.nlm.lode.tests.LinkCheckerTest" time="0"/>
  <testcase name="Firefox" classname="gov.nih.nlm.lode.tests.ServiceDescriptionTest" time="0.297"/>
  <testcase name="Firefox" classname="gov.nih.nlm.lode.tests.ServiceDescriptionTest" time="0.297"/>
  <testcase name="Firefox" classname="gov.nih.nlm.lode.tests.ServiceDescriptionTest" time="0.062"/>
  <testcase name="Firefox" classname="gov.nih.nlm.lode.tests.ServiceDescriptionTest" time="0.031"/>
</testsuite>