<?xml version="1.0" encoding="UTF-8"?>
<!-- Generated by org.testng.reporters.JUnitReportReporter -->
<testsuite hostname="NLM01890936OCCS" failures="0" tests="7" name="gov.nih.nlm.lode.tests.PagelinksTest" time="33.256" errors="0" timestamp="19 Mar 2019 19:38:49 GMT">
  <testcase classname="gov.nih.nlm.lode.tests.PagelinksTest" name="testExplorerScriptTags" time="2.281"/>
  <testcase classname="gov.nih.nlm.lode.tests.PagelinksTest" name="testExplorer2015LodestarLinks" time="7.788"/>
  <testcase classname="gov.nih.nlm.lode.tests.PagelinksTest" name="testHomeScriptTags" time="2.332"/>
  <testcase classname="gov.nih.nlm.lode.tests.PagelinksTest" name="testHomeLinkTags" time="0.428"/>
  <testcase classname="gov.nih.nlm.lode.tests.PagelinksTest" name="testExplorerLodestarLinks" time="4.723"/>
  <testcase classname="gov.nih.nlm.lode.tests.PagelinksTest" name="testHomeBodyLinks" time="15.376"/>
  <testcase classname="gov.nih.nlm.lode.tests.PagelinksTest" name="testExplorerlinkTags" time="0.328"/>
</testsuite> <!-- gov.nih.nlm.lode.tests.PagelinksTest -->
