<?xml version="1.0" encoding="UTF-8"?>
<!-- Generated by org.testng.reporters.JUnitReportReporter -->
<testsuite hostname="NLM01890936OCCS" failures="0" tests="6" name="gov.nih.nlm.lode.tests.LinkCheckerTest" time="0.234" errors="0" timestamp="19 Mar 2019 19:38:49 GMT">
  <testcase classname="gov.nih.nlm.lode.tests.LinkCheckerTest" name="testMultipleLinks" time="0.093"/>
  <testcase classname="gov.nih.nlm.lode.tests.LinkCheckerTest" name="testBasicLinkCheckerContext" time="0.015"/>
  <testcase classname="gov.nih.nlm.lode.tests.LinkCheckerTest" name="testSkipsFtpLinks" time="0.000"/>
  <testcase classname="gov.nih.nlm.lode.tests.LinkCheckerTest" name="testBadLink" time="0.062"/>
  <testcase classname="gov.nih.nlm.lode.tests.LinkCheckerTest" name="testBasicURLWithContext" time="0.032"/>
  <testcase classname="gov.nih.nlm.lode.tests.LinkCheckerTest" name="testBasicAbsURL" time="0.032"/>
</testsuite> <!-- gov.nih.nlm.lode.tests.LinkCheckerTest -->
