<?xml version="1.0" encoding="UTF-8"?>
<!-- Generated by org.testng.reporters.JUnitReportReporter -->
<testsuite hostname="NLM01890936OCCS" failures="0" tests="8" name="gov.nih.nlm.lode.tests.QueryTest" time="47.028" errors="0" timestamp="19 Mar 2019 19:38:49 GMT">
  <testcase classname="gov.nih.nlm.lode.tests.QueryTest" name="testLimitRows" time="3.892"/>
  <testcase classname="gov.nih.nlm.lode.tests.QueryTest" name="testExample3withPastYear" time="7.725"/>
  <testcase classname="gov.nih.nlm.lode.tests.QueryTest" name="testExample4" time="11.166"/>
  <testcase classname="gov.nih.nlm.lode.tests.QueryTest" name="testExample2" time="2.061"/>
  <testcase classname="gov.nih.nlm.lode.tests.QueryTest" name="testExample0" time="3.176"/>
  <testcase classname="gov.nih.nlm.lode.tests.QueryTest" name="testDefaults" time="4.004"/>
  <testcase classname="gov.nih.nlm.lode.tests.QueryTest" name="testExample1" time="4.717"/>
  <testcase classname="gov.nih.nlm.lode.tests.QueryTest" name="testPagination" time="10.287"/>
</testsuite> <!-- gov.nih.nlm.lode.tests.QueryTest -->
