<?xml version="1.0" encoding="UTF-8"?>
<!-- Generated by org.testng.reporters.JUnitReportReporter -->
<testsuite hostname="NLM01890936OCCS" failures="0" tests="4" name="gov.nih.nlm.lode.tests.ServiceDescriptionTest" time="0.687" errors="0" timestamp="19 Mar 2019 19:38:49 GMT">
  <testcase classname="gov.nih.nlm.lode.tests.ServiceDescriptionTest" name="testTurtleServiceDescription" time="0.031"/>
  <testcase classname="gov.nih.nlm.lode.tests.ServiceDescriptionTest" name="testJSONLDServiceDescription" time="0.296"/>
  <testcase classname="gov.nih.nlm.lode.tests.ServiceDescriptionTest" name="testServiceDescriptionByFormat" time="0.063"/>
  <testcase classname="gov.nih.nlm.lode.tests.ServiceDescriptionTest" name="testDefaultServiceDescription" time="0.297"/>
</testsuite> <!-- gov.nih.nlm.lode.tests.ServiceDescriptionTest -->
